<?xml version="1.0" encoding="UTF-8"?>
<!-- Generated by org.testng.reporters.JUnitReportReporter -->
<testsuite hostname="DESKTOP-GT0HAMU" failures="0" tests="3" name="rahulshettyacademy.tests.SubmitOrderTest" time="41.890" errors="0" timestamp="2026-05-29T12:55:00 IST" skipped="0">
  <testcase classname="rahulshettyacademy.tests.SubmitOrderTest" name="submitOrder" time="15.531"/>
  <testcase classname="rahulshettyacademy.tests.SubmitOrderTest" name="OrderHistoryTest" time="9.272"/>
  <testcase classname="rahulshettyacademy.tests.SubmitOrderTest" name="submitOrder" time="17.087"/>
</testsuite> <!-- rahulshettyacademy.tests.SubmitOrderTest -->
